This file contains any messages produced by compilers while
running configure, to aid debugging if configure makes a mistake.

It was created by fedit2 configure 2020.08, which was
generated by GNU Autoconf 2.69.  Invocation command line was

  $ ./configure 

## --------- ##
## Platform. ##
## --------- ##

hostname = ubuntu
uname -m = x86_64
uname -r = 5.8.0-55-generic
uname -s = Linux
uname -v = #62~20.04.1-Ubuntu SMP Wed Jun 2 08:55:04 UTC 2021

/usr/bin/uname -p = x86_64
/bin/uname -X     = unknown

/bin/arch              = x86_64
/usr/bin/arch -k       = unknown
/usr/convex/getsysinfo = unknown
/usr/bin/hostinfo      = unknown
/bin/machine           = unknown
/usr/bin/oslevel       = unknown
/bin/universe          = unknown

PATH: /usr/local/sbin
PATH: /usr/local/bin
PATH: /usr/sbin
PATH: /usr/bin
PATH: /sbin
PATH: /bin
PATH: /snap/bin


## ----------- ##
## Core tests. ##
## ----------- ##

configure:2392: checking for a BSD-compatible install
configure:2460: result: /usr/bin/install -c
configure:2471: checking whether build environment is sane
configure:2526: result: yes
configure:2675: checking for a thread-safe mkdir -p
configure:2714: result: /usr/bin/mkdir -p
configure:2721: checking for gawk
configure:2751: result: no
configure:2721: checking for mawk
configure:2737: found /usr/bin/mawk
configure:2748: result: mawk
configure:2759: checking whether make sets $(MAKE)
configure:2781: result: yes
configure:2810: checking whether make supports nested variables
configure:2827: result: yes
configure:3011: checking for gcc
configure:3027: found /usr/bin/gcc
configure:3038: result: gcc
configure:3267: checking for C compiler version
configure:3276: gcc --version >&5
gcc (Ubuntu 9.3.0-17ubuntu1~20.04) 9.3.0
Copyright (C) 2019 Free Software Foundation, Inc.
This is free software; see the source for copying conditions.  There is NO
warranty; not even for MERCHANTABILITY or FITNESS FOR A PARTICULAR PURPOSE.

configure:3287: $? = 0
configure:3276: gcc -v >&5
Using built-in specs.
COLLECT_GCC=gcc
COLLECT_LTO_WRAPPER=/usr/lib/gcc/x86_64-linux-gnu/9/lto-wrapper
OFFLOAD_TARGET_NAMES=nvptx-none:hsa
OFFLOAD_TARGET_DEFAULT=1
Target: x86_64-linux-gnu
Configured with: ../src/configure -v --with-pkgversion='Ubuntu 9.3.0-17ubuntu1~20.04' --with-bugurl=file:///usr/share/doc/gcc-9/README.Bugs --enable-languages=c,ada,c++,go,brig,d,fortran,objc,obj-c++,gm2 --prefix=/usr --with-gcc-major-version-only --program-suffix=-9 --program-prefix=x86_64-linux-gnu- --enable-shared --enable-linker-build-id --libexecdir=/usr/lib --without-included-gettext --enable-threads=posix --libdir=/usr/lib --enable-nls --enable-clocale=gnu --enable-libstdcxx-debug --enable-libstdcxx-time=yes --with-default-libstdcxx-abi=new --enable-gnu-unique-object --disable-vtable-verify --enable-plugin --enable-default-pie --with-system-zlib --with-target-system-zlib=auto --enable-objc-gc=auto --enable-multiarch --disable-werror --with-arch-32=i686 --with-abi=m64 --with-multilib-list=m32,m64,mx32 --enable-multilib --with-tune=generic --enable-offload-targets=nvptx-none=/build/gcc-9-HskZEa/gcc-9-9.3.0/debian/tmp-nvptx/usr,hsa --without-cuda-driver --enable-checking=release --build=x86_64-linux-gnu --host=x86_64-linux-gnu --target=x86_64-linux-gnu
Thread model: posix
gcc version 9.3.0 (Ubuntu 9.3.0-17ubuntu1~20.04) 
configure:3287: $? = 0
configure:3276: gcc -V >&5
gcc: error: unrecognized command line option '-V'
gcc: fatal error: no input files
compilation terminated.
configure:3287: $? = 1
configure:3276: gcc -qversion >&5
gcc: error: unrecognized command line option '-qversion'; did you mean '--version'?
gcc: fatal error: no input files
compilation terminated.
configure:3287: $? = 1
configure:3307: checking whether the C compiler works
configure:3329: gcc    conftest.c  >&5
configure:3333: $? = 0
configure:3381: result: yes
configure:3384: checking for C compiler default output file name
configure:3386: result: a.out
configure:3392: checking for suffix of executables
configure:3399: gcc -o conftest    conftest.c  >&5
configure:3403: $? = 0
configure:3425: result: 
configure:3447: checking whether we are cross compiling
configure:3455: gcc -o conftest    conftest.c  >&5
configure:3459: $? = 0
configure:3466: ./conftest
configure:3470: $? = 0
configure:3458: result: no
configure:3463: checking for suffix of object files
configure:3485: gcc -c   conftest.c >&5
configure:3489: $? = 0
configure:3510: result: o
configure:3514: checking whether we are using the GNU C compiler
configure:3533: gcc -c   conftest.c >&5
configure:3533: $? = 0
configure:3542: result: yes
configure:3551: checking whether gcc accepts -g
configure:3571: gcc -c -g  conftest.c >&5
configure:3571: $? = 0
configure:3612: result: yes
configure:3629: checking for gcc option to accept ISO C89
configure:3692: gcc  -c -g -O2  conftest.c >&5
configure:3692: $? = 0
configure:3705: result: none needed
configure:3730: checking whether gcc understands -c and -o together
configure:3752: gcc -c conftest.c -o conftest2.o
configure:3755: $? = 0
configure:3752: gcc -c conftest.c -o conftest2.o
configure:3755: $? = 0
configure:3767: result: yes
configure:3787: checking whether make supports the include directive
configure:3802: make -f confmf.GNU && cat confinc.out
this is the am__doit target
configure:3805: $? = 0
configure:3824: result: yes (GNU style)
configure:3849: checking dependency style of gcc
configure:3960: result: gcc3
configure:4033: checking for g++
configure:4049: found /usr/bin/g++
configure:4060: result: g++
configure:4087: checking for C++ compiler version
configure:4096: g++ --version >&5
g++ (Ubuntu 9.3.0-17ubuntu1~20.04) 9.3.0
Copyright (C) 2019 Free Software Foundation, Inc.
This is free software; see the source for copying conditions.  There is NO
warranty; not even for MERCHANTABILITY or FITNESS FOR A PARTICULAR PURPOSE.

configure:4107: $? = 0
configure:4096: g++ -v >&5
Using built-in specs.
COLLECT_GCC=g++
COLLECT_LTO_WRAPPER=/usr/lib/gcc/x86_64-linux-gnu/9/lto-wrapper
OFFLOAD_TARGET_NAMES=nvptx-none:hsa
OFFLOAD_TARGET_DEFAULT=1
Target: x86_64-linux-gnu
Configured with: ../src/configure -v --with-pkgversion='Ubuntu 9.3.0-17ubuntu1~20.04' --with-bugurl=file:///usr/share/doc/gcc-9/README.Bugs --enable-languages=c,ada,c++,go,brig,d,fortran,objc,obj-c++,gm2 --prefix=/usr --with-gcc-major-version-only --program-suffix=-9 --program-prefix=x86_64-linux-gnu- --enable-shared --enable-linker-build-id --libexecdir=/usr/lib --without-included-gettext --enable-threads=posix --libdir=/usr/lib --enable-nls --enable-clocale=gnu --enable-libstdcxx-debug --enable-libstdcxx-time=yes --with-default-libstdcxx-abi=new --enable-gnu-unique-object --disable-vtable-verify --enable-plugin --enable-default-pie --with-system-zlib --with-target-system-zlib=auto --enable-objc-gc=auto --enable-multiarch --disable-werror --with-arch-32=i686 --with-abi=m64 --with-multilib-list=m32,m64,mx32 --enable-multilib --with-tune=generic --enable-offload-targets=nvptx-none=/build/gcc-9-HskZEa/gcc-9-9.3.0/debian/tmp-nvptx/usr,hsa --without-cuda-driver --enable-checking=release --build=x86_64-linux-gnu --host=x86_64-linux-gnu --target=x86_64-linux-gnu
Thread model: posix
gcc version 9.3.0 (Ubuntu 9.3.0-17ubuntu1~20.04) 
configure:4107: $? = 0
configure:4096: g++ -V >&5
g++: error: unrecognized command line option '-V'
g++: fatal error: no input files
compilation terminated.
configure:4107: $? = 1
configure:4096: g++ -qversion >&5
g++: error: unrecognized command line option '-qversion'; did you mean '--version'?
g++: fatal error: no input files
compilation terminated.
configure:4107: $? = 1
configure:4111: checking whether we are using the GNU C++ compiler
configure:4130: g++ -c   conftest.cpp >&5
configure:4130: $? = 0
configure:4139: result: yes
configure:4148: checking whether g++ accepts -g
configure:4168: g++ -c -g  conftest.cpp >&5
configure:4168: $? = 0
configure:4209: result: yes
configure:4234: checking dependency style of g++
configure:4345: result: gcc3
configure:4365: checking how to run the C preprocessor
configure:4396: gcc -E  conftest.c
configure:4396: $? = 0
configure:4410: gcc -E  conftest.c
conftest.c:11:10: fatal error: ac_nonexistent.h: No such file or directory
   11 | #include <ac_nonexistent.h>
      |          ^~~~~~~~~~~~~~~~~~
compilation terminated.
configure:4410: $? = 1
configure: failed program was:
| /* confdefs.h */
| #define PACKAGE_NAME "fedit2"
| #define PACKAGE_TARNAME "fedit2"
| #define PACKAGE_VERSION "2020.08"
| #define PACKAGE_STRING "fedit2 2020.08"
| #define PACKAGE_BUGREPORT "akky@users.sourceforge.jp"
| #define PACKAGE_URL ""
| #define PACKAGE "fedit2"
| #define VERSION "2020.08"
| /* end confdefs.h.  */
| #include <ac_nonexistent.h>
configure:4435: result: gcc -E
configure:4455: gcc -E  conftest.c
configure:4455: $? = 0
configure:4469: gcc -E  conftest.c
conftest.c:11:10: fatal error: ac_nonexistent.h: No such file or directory
   11 | #include <ac_nonexistent.h>
      |          ^~~~~~~~~~~~~~~~~~
compilation terminated.
configure:4469: $? = 1
configure: failed program was:
| /* confdefs.h */
| #define PACKAGE_NAME "fedit2"
| #define PACKAGE_TARNAME "fedit2"
| #define PACKAGE_VERSION "2020.08"
| #define PACKAGE_STRING "fedit2 2020.08"
| #define PACKAGE_BUGREPORT "akky@users.sourceforge.jp"
| #define PACKAGE_URL ""
| #define PACKAGE "fedit2"
| #define VERSION "2020.08"
| /* end confdefs.h.  */
| #include <ac_nonexistent.h>
configure:4498: checking whether ln -s works
configure:4502: result: yes
configure:4509: checking whether make sets $(MAKE)
configure:4531: result: yes
configure:5715: enabled Qt5
configure:5738: set QT_REQUIRED_VERSION... 5.0.0
configure:5740: set QT_MAJOR_VERSION... 5
configure:5742: set QT_REQUIRED_MODULES... Qt5Core Qt5Gui Qt5Widgets Qt5Network
configure:5753: checking for pkg-config
configure:5771: found /usr/bin/pkg-config
configure:5784: result: /usr/bin/pkg-config
configure:5797: check Qt5Core >= 5.0.0
configure:5801: checking for QT
configure:5808: $PKG_CONFIG --exists --print-errors "$mod >= $QT_REQUIRED_VERSION"
configure:5811: $? = 0
configure:5825: $PKG_CONFIG --exists --print-errors "$mod >= $QT_REQUIRED_VERSION"
configure:5828: $? = 0
configure:5866: result: yes
configure:5797: check Qt5Gui >= 5.0.0
configure:5801: checking for QT
configure:5866: result: yes
configure:5797: check Qt5Widgets >= 5.0.0
configure:5801: checking for QT
configure:5866: result: yes
configure:5797: check Qt5Network >= 5.0.0
configure:5801: checking for QT
configure:5866: result: yes
configure:5880: set QT_CXXFLAGS... -DQT_WIDGETS_LIB -DQT_GUI_LIB -DQT_NETWORK_LIB -DQT_CORE_LIB -I/usr/include/x86_64-linux-gnu/qt5/QtWidgets -I/usr/include/x86_64-linux-gnu/qt5 -I/usr/include/x86_64-linux-gnu/qt5/QtGui -I/usr/include/x86_64-linux-gnu/qt5 -I/usr/include/x86_64-linux-gnu/qt5/QtNetwork -I/usr/include/x86_64-linux-gnu/qt5 -I/usr/include/x86_64-linux-gnu/qt5/QtCore -I/usr/include/x86_64-linux-gnu/qt5
configure:5882: set QT_LDFLAGS... 
configure:5884: set QT_LDADD...  -lQt5Widgets -lQt5Gui -lQt5Network -lQt5Core
configure:5925: set QT_MOC... /usr/bin/moc
configure:5971: checking whether g++ supports C++14 features with -std=c++14
configure:6387: g++ -std=c++14 -c -fPIC -g -O2  conftest.cpp >&5
configure:6387: $? = 0
configure:6396: result: yes
configure:6442: checking build system type
configure:6456: result: x86_64-pc-linux-gnu
configure:6476: checking host system type
configure:6489: result: x86_64-pc-linux-gnu
configure:6646: checking for boostlib >= 1.38.0 (103800)
configure:6678: g++ -std=c++14 -c -fPIC -g -O2  -I/usr/include conftest.cpp >&5
configure:6678: $? = 0
configure:6680: result: yes
configure:6872: checking whether the Boost::System library is available
configure:6897: g++ -std=c++14 -c   -I/usr/include conftest.cpp >&5
configure:6897: $? = 0
configure:6912: result: yes
configure:6927: checking for exit in -lboost_system
configure:6952: g++ -std=c++14 -o conftest -fPIC -g -O2  -I/usr/include  -L/usr/lib/x86_64-linux-gnu conftest.cpp -lboost_system   >&5
conftest.cpp:21:6: warning: declaration of 'char exit()' conflicts with built-in declaration 'void exit(int)' [-Wbuiltin-declaration-mismatch]
   21 | char exit ();
      |      ^~~~
configure:6952: $? = 0
configure:6962: result: yes
configure:7114: checking for cos in -lm
configure:7139: g++ -std=c++14 -o conftest -fPIC -g -O2  -I/usr/include  -L/usr/lib/x86_64-linux-gnu conftest.cpp -lm   -lboost_system >&5
conftest.cpp:21:6: warning: declaration of 'char cos()' conflicts with built-in declaration 'double cos(double)' [-Wbuiltin-declaration-mismatch]
   21 | char cos ();
      |      ^~~
configure:7139: $? = 0
configure:7148: result: yes
configure:7156: checking for main in -lrcsc
configure:7175: g++ -std=c++14 -o conftest -fPIC -g -O2  -I/usr/include  -L/usr/lib/x86_64-linux-gnu conftest.cpp -lrcsc  -lm  -lboost_system >&5
configure:7175: $? = 0
configure:7184: result: yes
configure:7196: checking for grep that handles long lines and -e
configure:7254: result: /usr/bin/grep
configure:7259: checking for egrep
configure:7321: result: /usr/bin/grep -E
configure:7326: checking for ANSI C header files
configure:7346: g++ -std=c++14 -c -fPIC -g -O2  -I/usr/include conftest.cpp >&5
configure:7346: $? = 0
./configure: line 7360: -I/usr/include: No such file or directory
configure:7430: result: no
configure:7443: checking for sys/types.h
configure:7443: g++ -std=c++14 -c -fPIC -g -O2  -I/usr/include conftest.cpp >&5
configure:7443: $? = 0
configure:7443: result: yes
configure:7443: checking for sys/stat.h
configure:7443: g++ -std=c++14 -c -fPIC -g -O2  -I/usr/include conftest.cpp >&5
configure:7443: $? = 0
configure:7443: result: yes
configure:7443: checking for stdlib.h
configure:7443: g++ -std=c++14 -c -fPIC -g -O2  -I/usr/include conftest.cpp >&5
configure:7443: $? = 0
configure:7443: result: yes
configure:7443: checking for string.h
configure:7443: g++ -std=c++14 -c -fPIC -g -O2  -I/usr/include conftest.cpp >&5
configure:7443: $? = 0
configure:7443: result: yes
configure:7443: checking for memory.h
configure:7443: g++ -std=c++14 -c -fPIC -g -O2  -I/usr/include conftest.cpp >&5
configure:7443: $? = 0
configure:7443: result: yes
configure:7443: checking for strings.h
configure:7443: g++ -std=c++14 -c -fPIC -g -O2  -I/usr/include conftest.cpp >&5
configure:7443: $? = 0
configure:7443: result: yes
configure:7443: checking for inttypes.h
configure:7443: g++ -std=c++14 -c -fPIC -g -O2  -I/usr/include conftest.cpp >&5
configure:7443: $? = 0
configure:7443: result: yes
configure:7443: checking for stdint.h
configure:7443: g++ -std=c++14 -c -fPIC -g -O2  -I/usr/include conftest.cpp >&5
configure:7443: $? = 0
configure:7443: result: yes
configure:7443: checking for unistd.h
configure:7443: g++ -std=c++14 -c -fPIC -g -O2  -I/usr/include conftest.cpp >&5
configure:7443: $? = 0
configure:7443: result: yes
configure:7455: checking for stdbool.h that conforms to C99
configure:7522: g++ -std=c++14 -c -fPIC -g -O2  -I/usr/include conftest.cpp >&5
conftest.cpp:26:15: error: expected unqualified-id before string constant
   26 |               "error: bool is not defined"
      |               ^~~~~~~~~~~~~~~~~~~~~~~~~~~~
conftest.cpp:44:48: error: 's' does not name a type
   44 |              struct s { _Bool s: 1; _Bool t; } s;
      |                                                ^
conftest.cpp:54:28: error: 's' was not declared in this scope
   54 |              char i[sizeof s.t];
      |                            ^
conftest.cpp: In function 'int main()':
conftest.cpp:72:24: error: 's' was not declared in this scope
   72 |              bool e = &s;
      |                        ^
conftest.cpp:76:63: error: 'i' was not declared in this scope
   76 |              return (!a + !b + !c + !d + !e + !f + !g + !h + !i + !!j + !k + !!l
      |                                                               ^
configure:7522: $? = 1
configure: failed program was:
| /* confdefs.h */
| #define PACKAGE_NAME "fedit2"
| #define PACKAGE_TARNAME "fedit2"
| #define PACKAGE_VERSION "2020.08"
| #define PACKAGE_STRING "fedit2 2020.08"
| #define PACKAGE_BUGREPORT "akky@users.sourceforge.jp"
| #define PACKAGE_URL ""
| #define PACKAGE "fedit2"
| #define VERSION "2020.08"
| #define HAVE_CXX14 1
| #define HAVE_BOOST /**/
| #define HAVE_BOOST_SYSTEM /**/
| #define HAVE_SYS_TYPES_H 1
| #define HAVE_SYS_STAT_H 1
| #define HAVE_STDLIB_H 1
| #define HAVE_STRING_H 1
| #define HAVE_MEMORY_H 1
| #define HAVE_STRINGS_H 1
| #define HAVE_INTTYPES_H 1
| #define HAVE_STDINT_H 1
| #define HAVE_UNISTD_H 1
| /* end confdefs.h.  */
| 
|              #include <stdbool.h>
|              #ifndef bool
|               "error: bool is not defined"
|              #endif
|              #ifndef false
|               "error: false is not defined"
|              #endif
|              #if false
|               "error: false is not 0"
|              #endif
|              #ifndef true
|               "error: true is not defined"
|              #endif
|              #if true != 1
|               "error: true is not 1"
|              #endif
|              #ifndef __bool_true_false_are_defined
|               "error: __bool_true_false_are_defined is not defined"
|              #endif
| 
|              struct s { _Bool s: 1; _Bool t; } s;
| 
|              char a[true == 1 ? 1 : -1];
|              char b[false == 0 ? 1 : -1];
|              char c[__bool_true_false_are_defined == 1 ? 1 : -1];
|              char d[(bool) 0.5 == true ? 1 : -1];
|              /* See body of main program for 'e'.  */
|              char f[(_Bool) 0.0 == false ? 1 : -1];
|              char g[true];
|              char h[sizeof (_Bool)];
|              char i[sizeof s.t];
|              enum { j = false, k = true, l = false * true, m = true * 256 };
|              /* The following fails for
|                 HP aC++/ANSI C B3910B A.05.55 [Dec 04 2003]. */
|              _Bool n[m];
|              char o[sizeof n == m * sizeof n[0] ? 1 : -1];
|              char p[-1 - (_Bool) 0 < 0 && -1 - (bool) 0 < 0 ? 1 : -1];
|              /* Catch a bug in an HP-UX C compiler.  See
|                 http://gcc.gnu.org/ml/gcc-patches/2003-12/msg02303.html
|                 http://lists.gnu.org/archive/html/bug-coreutils/2005-11/msg00161.html
|               */
|              _Bool q = true;
|              _Bool *pq = &q;
| 
| int
| main ()
| {
| 
|              bool e = &s;
|              *pq |= q;
|              *pq |= ! q;
|              /* Refer to every declared value, to avoid compiler optimizations.  */
|              return (!a + !b + !c + !d + !e + !f + !g + !h + !i + !!j + !k + !!l
|                      + !m + !n + !o + !p + !q + !pq);
| 
|   ;
|   return 0;
| }
configure:7529: result: no
configure:7531: checking for _Bool
configure:7531: g++ -std=c++14 -c -fPIC -g -O2  -I/usr/include conftest.cpp >&5
conftest.cpp: In function 'int main()':
conftest.cpp:59:13: error: '_Bool' was not declared in this scope
   59 | if (sizeof (_Bool))
      |             ^~~~~
configure:7531: $? = 1
configure: failed program was:
| /* confdefs.h */
| #define PACKAGE_NAME "fedit2"
| #define PACKAGE_TARNAME "fedit2"
| #define PACKAGE_VERSION "2020.08"
| #define PACKAGE_STRING "fedit2 2020.08"
| #define PACKAGE_BUGREPORT "akky@users.sourceforge.jp"
| #define PACKAGE_URL ""
| #define PACKAGE "fedit2"
| #define VERSION "2020.08"
| #define HAVE_CXX14 1
| #define HAVE_BOOST /**/
| #define HAVE_BOOST_SYSTEM /**/
| #define HAVE_SYS_TYPES_H 1
| #define HAVE_SYS_STAT_H 1
| #define HAVE_STDLIB_H 1
| #define HAVE_STRING_H 1
| #define HAVE_MEMORY_H 1
| #define HAVE_STRINGS_H 1
| #define HAVE_INTTYPES_H 1
| #define HAVE_STDINT_H 1
| #define HAVE_UNISTD_H 1
| /* end confdefs.h.  */
| #include <stdio.h>
| #ifdef HAVE_SYS_TYPES_H
| # include <sys/types.h>
| #endif
| #ifdef HAVE_SYS_STAT_H
| # include <sys/stat.h>
| #endif
| #ifdef STDC_HEADERS
| # include <stdlib.h>
| # include <stddef.h>
| #else
| # ifdef HAVE_STDLIB_H
| #  include <stdlib.h>
| # endif
| #endif
| #ifdef HAVE_STRING_H
| # if !defined STDC_HEADERS && defined HAVE_MEMORY_H
| #  include <memory.h>
| # endif
| # include <string.h>
| #endif
| #ifdef HAVE_STRINGS_H
| # include <strings.h>
| #endif
| #ifdef HAVE_INTTYPES_H
| # include <inttypes.h>
| #endif
| #ifdef HAVE_STDINT_H
| # include <stdint.h>
| #endif
| #ifdef HAVE_UNISTD_H
| # include <unistd.h>
| #endif
| int
| main ()
| {
| if (sizeof (_Bool))
| 	 return 0;
|   ;
|   return 0;
| }
configure:7531: result: no
configure:7548: checking for an ANSI C-conforming const
configure:7614: g++ -std=c++14 -c -fPIC -g -O2  -I/usr/include conftest.cpp >&5
configure:7614: $? = 0
configure:7621: result: yes
configure:7629: checking for inline
configure:7645: g++ -std=c++14 -c -fPIC -g -O2  -I/usr/include conftest.cpp >&5
configure:7645: $? = 0
configure:7653: result: inline
configure:7671: checking for size_t
configure:7671: g++ -std=c++14 -c -fPIC -g -O2  -I/usr/include conftest.cpp >&5
configure:7671: $? = 0
configure:7671: g++ -std=c++14 -c -fPIC -g -O2  -I/usr/include conftest.cpp >&5
conftest.cpp: In function 'int main()':
conftest.cpp:59:20: error: expected primary-expression before ')' token
   59 | if (sizeof ((size_t)))
      |                    ^
configure:7671: $? = 1
configure: failed program was:
| /* confdefs.h */
| #define PACKAGE_NAME "fedit2"
| #define PACKAGE_TARNAME "fedit2"
| #define PACKAGE_VERSION "2020.08"
| #define PACKAGE_STRING "fedit2 2020.08"
| #define PACKAGE_BUGREPORT "akky@users.sourceforge.jp"
| #define PACKAGE_URL ""
| #define PACKAGE "fedit2"
| #define VERSION "2020.08"
| #define HAVE_CXX14 1
| #define HAVE_BOOST /**/
| #define HAVE_BOOST_SYSTEM /**/
| #define HAVE_SYS_TYPES_H 1
| #define HAVE_SYS_STAT_H 1
| #define HAVE_STDLIB_H 1
| #define HAVE_STRING_H 1
| #define HAVE_MEMORY_H 1
| #define HAVE_STRINGS_H 1
| #define HAVE_INTTYPES_H 1
| #define HAVE_STDINT_H 1
| #define HAVE_UNISTD_H 1
| /* end confdefs.h.  */
| #include <stdio.h>
| #ifdef HAVE_SYS_TYPES_H
| # include <sys/types.h>
| #endif
| #ifdef HAVE_SYS_STAT_H
| # include <sys/stat.h>
| #endif
| #ifdef STDC_HEADERS
| # include <stdlib.h>
| # include <stddef.h>
| #else
| # ifdef HAVE_STDLIB_H
| #  include <stdlib.h>
| # endif
| #endif
| #ifdef HAVE_STRING_H
| # if !defined STDC_HEADERS && defined HAVE_MEMORY_H
| #  include <memory.h>
| # endif
| # include <string.h>
| #endif
| #ifdef HAVE_STRINGS_H
| # include <strings.h>
| #endif
| #ifdef HAVE_INTTYPES_H
| # include <inttypes.h>
| #endif
| #ifdef HAVE_STDINT_H
| # include <stdint.h>
| #endif
| #ifdef HAVE_UNISTD_H
| # include <unistd.h>
| #endif
| int
| main ()
| {
| if (sizeof ((size_t)))
| 	    return 0;
|   ;
|   return 0;
| }
configure:7671: result: yes
configure:7682: checking for uint32_t
configure:7682: g++ -std=c++14 -c -fPIC -g -O2  -I/usr/include conftest.cpp >&5
configure:7682: $? = 0
configure:7682: result: yes
configure:7696: checking for ptrdiff_t
configure:7696: g++ -std=c++14 -c -fPIC -g -O2  -I/usr/include conftest.cpp >&5
conftest.cpp: In function 'int main()':
conftest.cpp:59:13: error: 'ptrdiff_t' was not declared in this scope; did you mean 'std::ptrdiff_t'?
   59 | if (sizeof (ptrdiff_t))
      |             ^~~~~~~~~
      |             std::ptrdiff_t
In file included from /usr/include/c++/9/cstdlib:41,
                 from /usr/include/c++/9/stdlib.h:36,
                 from conftest.cpp:35:
/usr/include/x86_64-linux-gnu/c++/9/bits/c++config.h:255:28: note: 'std::ptrdiff_t' declared here
  255 |   typedef __PTRDIFF_TYPE__ ptrdiff_t;
      |                            ^~~~~~~~~
configure:7696: $? = 1
configure: failed program was:
| /* confdefs.h */
| #define PACKAGE_NAME "fedit2"
| #define PACKAGE_TARNAME "fedit2"
| #define PACKAGE_VERSION "2020.08"
| #define PACKAGE_STRING "fedit2 2020.08"
| #define PACKAGE_BUGREPORT "akky@users.sourceforge.jp"
| #define PACKAGE_URL ""
| #define PACKAGE "fedit2"
| #define VERSION "2020.08"
| #define HAVE_CXX14 1
| #define HAVE_BOOST /**/
| #define HAVE_BOOST_SYSTEM /**/
| #define HAVE_SYS_TYPES_H 1
| #define HAVE_SYS_STAT_H 1
| #define HAVE_STDLIB_H 1
| #define HAVE_STRING_H 1
| #define HAVE_MEMORY_H 1
| #define HAVE_STRINGS_H 1
| #define HAVE_INTTYPES_H 1
| #define HAVE_STDINT_H 1
| #define HAVE_UNISTD_H 1
| /* end confdefs.h.  */
| #include <stdio.h>
| #ifdef HAVE_SYS_TYPES_H
| # include <sys/types.h>
| #endif
| #ifdef HAVE_SYS_STAT_H
| # include <sys/stat.h>
| #endif
| #ifdef STDC_HEADERS
| # include <stdlib.h>
| # include <stddef.h>
| #else
| # ifdef HAVE_STDLIB_H
| #  include <stdlib.h>
| # endif
| #endif
| #ifdef HAVE_STRING_H
| # if !defined STDC_HEADERS && defined HAVE_MEMORY_H
| #  include <memory.h>
| # endif
| # include <string.h>
| #endif
| #ifdef HAVE_STRINGS_H
| # include <strings.h>
| #endif
| #ifdef HAVE_INTTYPES_H
| # include <inttypes.h>
| #endif
| #ifdef HAVE_STDINT_H
| # include <stdint.h>
| #endif
| #ifdef HAVE_UNISTD_H
| # include <unistd.h>
| #endif
| int
| main ()
| {
| if (sizeof (ptrdiff_t))
| 	 return 0;
|   ;
|   return 0;
| }
configure:7696: result: no
configure:7708: checking for ANSI C header files
configure:7812: result: no
configure:7823: checking for sqrt
configure:7823: g++ -std=c++14 -o conftest -fPIC -g -O2  -I/usr/include  -L/usr/lib/x86_64-linux-gnu conftest.cpp -lrcsc -lm  -lboost_system >&5
conftest.cpp:46:6: warning: declaration of 'char sqrt()' conflicts with built-in declaration 'double sqrt(double)' [-Wbuiltin-declaration-mismatch]
   46 | char sqrt ();
      |      ^~~~
configure:7823: $? = 0
configure:7823: result: yes
configure:7823: checking for rint
configure:7823: g++ -std=c++14 -o conftest -fPIC -g -O2  -I/usr/include  -L/usr/lib/x86_64-linux-gnu conftest.cpp -lrcsc -lm  -lboost_system >&5
conftest.cpp:47:6: warning: declaration of 'char rint()' conflicts with built-in declaration 'double rint(double)' [-Wbuiltin-declaration-mismatch]
   47 | char rint ();
      |      ^~~~
configure:7823: $? = 0
configure:7823: result: yes
configure:7937: checking that generated files are newer than configure
configure:7943: result: done
configure:7978: creating ./config.status

## ---------------------- ##
## Running config.status. ##
## ---------------------- ##

This file was extended by fedit2 config.status 2020.08, which was
generated by GNU Autoconf 2.69.  Invocation command line was

  CONFIG_FILES    = 
  CONFIG_HEADERS  = 
  CONFIG_LINKS    = 
  CONFIG_COMMANDS = 
  $ ./config.status 

on ubuntu

config.status:898: creating Makefile
config.status:898: creating src/Makefile
config.status:898: creating tool/Makefile
config.status:898: creating tool/dttrainer/Makefile
config.status:898: creating config.h
config.status:1127: executing depfiles commands
config.status:1204: cd src       && sed -e '/# am--include-marker/d' Makefile         | make -f - am--depfiles
config.status:1209: $? = 0
config.status:1204: cd tool       && sed -e '/# am--include-marker/d' Makefile         | make -f - am--depfiles
config.status:1209: $? = 0
config.status:1204: cd tool/dttrainer       && sed -e '/# am--include-marker/d' Makefile         | make -f - am--depfiles
config.status:1209: $? = 0

## ---------------- ##
## Cache variables. ##
## ---------------- ##

ac_cv_build=x86_64-pc-linux-gnu
ac_cv_c_compiler_gnu=yes
ac_cv_c_const=yes
ac_cv_c_inline=inline
ac_cv_c_uint32_t=yes
ac_cv_cxx_compiler_gnu=yes
ac_cv_env_CCC_set=
ac_cv_env_CCC_value=
ac_cv_env_CC_set=
ac_cv_env_CC_value=
ac_cv_env_CFLAGS_set=
ac_cv_env_CFLAGS_value=
ac_cv_env_CPPFLAGS_set=
ac_cv_env_CPPFLAGS_value=
ac_cv_env_CPP_set=
ac_cv_env_CPP_value=
ac_cv_env_CXXCPP_set=
ac_cv_env_CXXCPP_value=
ac_cv_env_CXXFLAGS_set=
ac_cv_env_CXXFLAGS_value=
ac_cv_env_CXX_set=
ac_cv_env_CXX_value=
ac_cv_env_LDFLAGS_set=
ac_cv_env_LDFLAGS_value=
ac_cv_env_LIBS_set=
ac_cv_env_LIBS_value=
ac_cv_env_PKG_CONFIG_LIBDIR_set=
ac_cv_env_PKG_CONFIG_LIBDIR_value=
ac_cv_env_PKG_CONFIG_PATH_set=
ac_cv_env_PKG_CONFIG_PATH_value=
ac_cv_env_PKG_CONFIG_set=
ac_cv_env_PKG_CONFIG_value=
ac_cv_env_QT_CFLAGS_set=
ac_cv_env_QT_CFLAGS_value=
ac_cv_env_QT_LIBS_set=
ac_cv_env_QT_LIBS_value=
ac_cv_env_XMKMF_set=
ac_cv_env_XMKMF_value=
ac_cv_env_build_alias_set=
ac_cv_env_build_alias_value=
ac_cv_env_host_alias_set=
ac_cv_env_host_alias_value=
ac_cv_env_target_alias_set=
ac_cv_env_target_alias_value=
ac_cv_func_rint=yes
ac_cv_func_sqrt=yes
ac_cv_header_inttypes_h=yes
ac_cv_header_memory_h=yes
ac_cv_header_stdbool_h=no
ac_cv_header_stdc=no
ac_cv_header_stdint_h=yes
ac_cv_header_stdlib_h=yes
ac_cv_header_string_h=yes
ac_cv_header_strings_h=yes
ac_cv_header_sys_stat_h=yes
ac_cv_header_sys_types_h=yes
ac_cv_header_unistd_h=yes
ac_cv_host=x86_64-pc-linux-gnu
ac_cv_lib_boost_system___exit=yes
ac_cv_lib_m_cos=yes
ac_cv_lib_rcsc_main=yes
ac_cv_objext=o
ac_cv_path_EGREP='/usr/bin/grep -E'
ac_cv_path_GREP=/usr/bin/grep
ac_cv_path_PKG_CONFIG=/usr/bin/pkg-config
ac_cv_path_install='/usr/bin/install -c'
ac_cv_path_mkdir=/usr/bin/mkdir
ac_cv_prog_AWK=mawk
ac_cv_prog_CPP='gcc -E'
ac_cv_prog_ac_ct_CC=gcc
ac_cv_prog_ac_ct_CXX=g++
ac_cv_prog_cc_c89=
ac_cv_prog_cc_g=yes
ac_cv_prog_cxx_g=yes
ac_cv_prog_make_make_set=yes
ac_cv_type__Bool=no
ac_cv_type_ptrdiff_t=no
ac_cv_type_size_t=yes
am_cv_CC_dependencies_compiler_type=gcc3
am_cv_CXX_dependencies_compiler_type=gcc3
am_cv_make_support_nested_variables=yes
am_cv_prog_cc_c_o=yes
ax_cv_boost_system=yes
ax_cv_cxx_compile_cxx14__std_cpp14=yes
pkg_cv_QT_CFLAGS='-DQT_CORE_LIB -I/usr/include/x86_64-linux-gnu/qt5/QtCore -I/usr/include/x86_64-linux-gnu/qt5'
pkg_cv_QT_LIBS=-lQt5Core

## ----------------- ##
## Output variables. ##
## ----------------- ##

ACLOCAL='${SHELL} /home/yongdeng/Documents/Robocup2dInstall-master/package/fedit2-develop/config/missing aclocal-1.16'
AMDEPBACKSLASH='\'
AMDEP_FALSE='#'
AMDEP_TRUE=''
AMTAR='$${TAR-tar}'
AM_BACKSLASH='\'
AM_DEFAULT_V='$(AM_DEFAULT_VERBOSITY)'
AM_DEFAULT_VERBOSITY='1'
AM_V='$(V)'
AUTOCONF='${SHELL} /home/yongdeng/Documents/Robocup2dInstall-master/package/fedit2-develop/config/missing autoconf'
AUTOHEADER='${SHELL} /home/yongdeng/Documents/Robocup2dInstall-master/package/fedit2-develop/config/missing autoheader'
AUTOMAKE='${SHELL} /home/yongdeng/Documents/Robocup2dInstall-master/package/fedit2-develop/config/missing automake-1.16'
AWK='mawk'
BOOST_CPPFLAGS='-I/usr/include'
BOOST_LDFLAGS='-L/usr/lib/x86_64-linux-gnu'
BOOST_SYSTEM_LIB='-lboost_system'
BUILD_QT_FALSE='#'
BUILD_QT_TRUE=''
CC='gcc'
CCDEPMODE='depmode=gcc3'
CFLAGS='-fPIC -g -O2'
CPP='gcc -E'
CPPFLAGS=' -I/usr/include'
CXX='g++ -std=c++14'
CXXCPP=''
CXXDEPMODE='depmode=gcc3'
CXXFLAGS='-fPIC -g -O2'
CYGPATH_W='echo'
DEFS='-DHAVE_CONFIG_H'
DEPDIR='.deps'
ECHO_C=''
ECHO_N='-n'
ECHO_T=''
EGREP='/usr/bin/grep -E'
EXEEXT=''
GREP='/usr/bin/grep'
HAVE_CXX14='1'
INSTALL_DATA='${INSTALL} -m 644'
INSTALL_PROGRAM='${INSTALL}'
INSTALL_SCRIPT='${INSTALL}'
INSTALL_STRIP_PROGRAM='$(install_sh) -c -s'
LDFLAGS=' -L/usr/lib/x86_64-linux-gnu'
LIBOBJS=''
LIBRCSCLIB='/usr/local/lib'
LIBS='-lrcsc -lm  -lboost_system'
LN_S='ln -s'
LTLIBOBJS=''
MAKEINFO='${SHELL} /home/yongdeng/Documents/Robocup2dInstall-master/package/fedit2-develop/config/missing makeinfo'
MKDIR_P='/usr/bin/mkdir -p'
OBJEXT='o'
PACKAGE='fedit2'
PACKAGE_BUGREPORT='akky@users.sourceforge.jp'
PACKAGE_NAME='fedit2'
PACKAGE_STRING='fedit2 2020.08'
PACKAGE_TARNAME='fedit2'
PACKAGE_URL=''
PACKAGE_VERSION='2020.08'
PATH_SEPARATOR=':'
PKG_CONFIG='/usr/bin/pkg-config'
PKG_CONFIG_LIBDIR=''
PKG_CONFIG_PATH=''
QT_CFLAGS='-DQT_WIDGETS_LIB -DQT_GUI_LIB -DQT_NETWORK_LIB -DQT_CORE_LIB -I/usr/include/x86_64-linux-gnu/qt5/QtWidgets -I/usr/include/x86_64-linux-gnu/qt5 -I/usr/include/x86_64-linux-gnu/qt5/QtGui -I/usr/include/x86_64-linux-gnu/qt5 -I/usr/include/x86_64-linux-gnu/qt5/QtNetwork -I/usr/include/x86_64-linux-gnu/qt5 -I/usr/include/x86_64-linux-gnu/qt5/QtCore -I/usr/include/x86_64-linux-gnu/qt5'
QT_CPPFLAGS=''
QT_CXXFLAGS='-DQT_WIDGETS_LIB -DQT_GUI_LIB -DQT_NETWORK_LIB -DQT_CORE_LIB -I/usr/include/x86_64-linux-gnu/qt5/QtWidgets -I/usr/include/x86_64-linux-gnu/qt5 -I/usr/include/x86_64-linux-gnu/qt5/QtGui -I/usr/include/x86_64-linux-gnu/qt5 -I/usr/include/x86_64-linux-gnu/qt5/QtNetwork -I/usr/include/x86_64-linux-gnu/qt5 -I/usr/include/x86_64-linux-gnu/qt5/QtCore -I/usr/include/x86_64-linux-gnu/qt5'
QT_LDADD=' -lQt5Widgets -lQt5Gui -lQt5Network -lQt5Core'
QT_LDFLAGS=''
QT_LIBS='-lQt5Core'
QT_MOC='/usr/bin/moc'
SET_MAKE=''
SHELL='/bin/bash'
STRIP=''
VERSION='2020.08'
XMKMF=''
X_CFLAGS=''
X_EXTRA_LIBS=''
X_LIBS=''
X_PRE_LIBS=''
ac_ct_CC='gcc'
ac_ct_CXX='g++'
am__EXEEXT_FALSE=''
am__EXEEXT_TRUE='#'
am__fastdepCC_FALSE='#'
am__fastdepCC_TRUE=''
am__fastdepCXX_FALSE='#'
am__fastdepCXX_TRUE=''
am__include='include'
am__isrc=''
am__leading_dot='.'
am__nodep='_no'
am__quote=''
am__tar='$${TAR-tar} chof - "$$tardir"'
am__untar='$${TAR-tar} xf -'
bindir='${exec_prefix}/bin'
build='x86_64-pc-linux-gnu'
build_alias=''
build_cpu='x86_64'
build_os='linux-gnu'
build_vendor='pc'
datadir='${datarootdir}'
datarootdir='${prefix}/share'
docdir='${datarootdir}/doc/${PACKAGE_TARNAME}'
dvidir='${docdir}'
exec_prefix='${prefix}'
host='x86_64-pc-linux-gnu'
host_alias=''
host_cpu='x86_64'
host_os='linux-gnu'
host_vendor='pc'
htmldir='${docdir}'
includedir='${prefix}/include'
infodir='${datarootdir}/info'
install_sh='${SHELL} /home/yongdeng/Documents/Robocup2dInstall-master/package/fedit2-develop/config/install-sh'
libdir='${exec_prefix}/lib'
libexecdir='${exec_prefix}/libexec'
localedir='${datarootdir}/locale'
localstatedir='${prefix}/var'
mandir='${datarootdir}/man'
mkdir_p='$(MKDIR_P)'
oldincludedir='/usr/include'
pdfdir='${docdir}'
prefix='/usr/local'
program_transform_name='s,x,x,'
psdir='${docdir}'
runstatedir='${localstatedir}/run'
sbindir='${exec_prefix}/sbin'
sharedstatedir='${prefix}/com'
sysconfdir='${prefix}/etc'
target_alias=''

## ----------- ##
## confdefs.h. ##
## ----------- ##

/* confdefs.h */
#define PACKAGE_NAME "fedit2"
#define PACKAGE_TARNAME "fedit2"
#define PACKAGE_VERSION "2020.08"
#define PACKAGE_STRING "fedit2 2020.08"
#define PACKAGE_BUGREPORT "akky@users.sourceforge.jp"
#define PACKAGE_URL ""
#define PACKAGE "fedit2"
#define VERSION "2020.08"
#define HAVE_CXX14 1
#define HAVE_BOOST /**/
#define HAVE_BOOST_SYSTEM /**/
#define HAVE_SYS_TYPES_H 1
#define HAVE_SYS_STAT_H 1
#define HAVE_STDLIB_H 1
#define HAVE_STRING_H 1
#define HAVE_MEMORY_H 1
#define HAVE_STRINGS_H 1
#define HAVE_INTTYPES_H 1
#define HAVE_STDINT_H 1
#define HAVE_UNISTD_H 1
#define HAVE_SQRT 1
#define HAVE_RINT 1

configure: exit 0
